Watching for file changes with StatReloader
Performing system checks...

System check identified some issues:

WARNINGS:
todos.Todo: (models.W042) Auto-created primary key used when not defining a primary key type, by default 'django.db.models.AutoField'.
	HINT: Configure the DEFAULT_AUTO_FIELD setting or the TodosConfig.default_auto_field attribute to point to a subclass of AutoField, e.g. 'django.db.models.BigAutoField'.

System check identified 1 issue (0 silenced).
January 05, 2023 - 01:08:42
Django version 4.1.5, using settings 'todoApp.settings'
Starting development server at http://0.0.0.0:8002/
Quit the server with CONTROL-C.
Watching for file changes with StatReloader
Performing system checks...

System check identified some issues:

WARNINGS:
todos.Todo: (models.W042) Auto-created primary key used when not defining a primary key type, by default 'django.db.models.AutoField'.
	HINT: Configure the DEFAULT_AUTO_FIELD setting or the TodosConfig.default_auto_field attribute to point to a subclass of AutoField, e.g. 'django.db.models.BigAutoField'.

System check identified 1 issue (0 silenced).
January 05, 2023 - 01:09:30
Django version 4.1.5, using settings 'todoApp.settings'
Starting development server at http://0.0.0.0:8002/
Quit the server with CONTROL-C.
Error: That port is already in use.
[05/Jan/2023 01:09:42] "GET /todos/ HTTP/1.1" 200 4107
[05/Jan/2023 01:09:49] "POST /todos/add/ HTTP/1.1" 302 0
[05/Jan/2023 01:09:49] "GET /todos/ HTTP/1.1" 200 4685
[05/Jan/2023 01:09:53] "GET /todos/23/delete HTTP/1.1" 302 0
[05/Jan/2023 01:09:53] "GET /todos/ HTTP/1.1" 200 4107
